<?xml version="1.0" encoding="UTF-8"?>
<testng-results ignored="0" total="1" passed="1" failed="0" skipped="0">
  <reporter-output>
  </reporter-output>
  <suite started-at="2025-10-12T09:06:27 IST" name="Default suite" finished-at="2025-10-12T09:06:34 IST" duration-ms="7151">
    <groups>
    </groups>
    <test started-at="2025-10-12T09:06:27 IST" name="Default test" finished-at="2025-10-12T09:06:34 IST" duration-ms="7151">
      <class name="com.cognizant.selenium.ScreenShot">
        <test-method signature="ScreenshotDemo()[pri:0, instance:com.cognizant.selenium.ScreenShot@4ec4f3a0]" started-at="2025-10-12T09:06:27 IST" name="ScreenshotDemo" finished-at="2025-10-12T09:06:34 IST" duration-ms="7106" status="PASS">
          <reporter-output>
          </reporter-output>
        </test-method> <!-- ScreenshotDemo -->
      </class> <!-- com.cognizant.selenium.ScreenShot -->
    </test> <!-- Default test -->
  </suite> <!-- Default suite -->
</testng-results>
